ERROR - 2023-08-15 14:45:09 --> Error connecting to the database: mysqli_sql_exception: No connection could be made because the target machine actively refused it in C:\xampp\htdocs\codeigniter_4\system\Database\MySQLi\Connection.php:174
Stack trace:
#0 C:\xampp\htdocs\codeigniter_4\system\Database\MySQLi\Connection.php(174): mysqli->real_connect('localhost', 'root', '', 'test', 3306, '', 0)
#1 C:\xampp\htdocs\codeigniter_4\system\Database\BaseConnection.php(391): CodeIgniter\Database\MySQLi\Connection->connect(false)
#2 C:\xampp\htdocs\codeigniter_4\system\Database\BaseConnection.php(574): CodeIgniter\Database\BaseConnection->initialize()
#3 C:\xampp\htdocs\codeigniter_4\system\Database\BaseBuilder.php(2309): CodeIgniter\Database\BaseConnection->query('INSERT INTO `em...', Array, false)
#4 C:\xampp\htdocs\codeigniter_4\app\Models\Global_Model.php(186): CodeIgniter\Database\BaseBuilder->insert(Array)
#5 C:\xampp\htdocs\codeigniter_4\app\Controllers\Save.php(37): App\Models\Global_Model->data_change(Array)
#6 C:\xampp\htdocs\codeigniter_4\system\CodeIgniter.php(932): App\Controllers\Save->test()
#7 C:\xampp\htdocs\codeigniter_4\system\CodeIgniter.php(497): CodeIgniter\CodeIgniter->runController(Object(App\Controllers\Save))
#8 C:\xampp\htdocs\codeigniter_4\system\CodeIgniter.php(366): CodeIgniter\CodeIgniter->handleRequest(NULL, Object(Config\Cache), false)
#9 C:\xampp\htdocs\codeigniter_4\index.php(67): CodeIgniter\CodeIgniter->run()
#10 {main}

Next CodeIgniter\Database\Exceptions\DatabaseException: No connection could be made because the target machine actively refused it in C:\xampp\htdocs\codeigniter_4\system\Database\MySQLi\Connection.php:218
Stack trace:
#0 C:\xampp\htdocs\codeigniter_4\system\Database\BaseConnection.php(391): CodeIgniter\Database\MySQLi\Connection->connect(false)
#1 C:\xampp\htdocs\codeigniter_4\system\Database\BaseConnection.php(574): CodeIgniter\Database\BaseConnection->initialize()
#2 C:\xampp\htdocs\codeigniter_4\system\Database\BaseBuilder.php(2309): CodeIgniter\Database\BaseConnection->query('INSERT INTO `em...', Array, false)
#3 C:\xampp\htdocs\codeigniter_4\app\Models\Global_Model.php(186): CodeIgniter\Database\BaseBuilder->insert(Array)
#4 C:\xampp\htdocs\codeigniter_4\app\Controllers\Save.php(37): App\Models\Global_Model->data_change(Array)
#5 C:\xampp\htdocs\codeigniter_4\system\CodeIgniter.php(932): App\Controllers\Save->test()
#6 C:\xampp\htdocs\codeigniter_4\system\CodeIgniter.php(497): CodeIgniter\CodeIgniter->runController(Object(App\Controllers\Save))
#7 C:\xampp\htdocs\codeigniter_4\system\CodeIgniter.php(366): CodeIgniter\CodeIgniter->handleRequest(NULL, Object(Config\Cache), false)
#8 C:\xampp\htdocs\codeigniter_4\index.php(67): CodeIgniter\CodeIgniter->run()
#9 {main}
CRITICAL - 2023-08-15 14:45:09 --> Unable to connect to the database.
Main connection [MySQLi]: No connection could be made because the target machine actively refused it
in SYSTEMPATH\Database\BaseConnection.php on line 427.
 1 SYSTEMPATH\Database\BaseConnection.php(574): CodeIgniter\Database\BaseConnection->initialize()
 2 SYSTEMPATH\Database\BaseBuilder.php(2309): CodeIgniter\Database\BaseConnection->query('INSERT INTO `emp` (`first_name`, `last_name`, `gender`, `country`, `age`, `doj`, `created_date`) VALUES (:first_name:, :last_name:, :gender:, :country:, :age:, :doj:, :created_date:)', [...], false)
 3 APPPATH\Models\Global_Model.php(186): CodeIgniter\Database\BaseBuilder->insert([...])
 4 APPPATH\Controllers\Save.php(37): App\Models\Global_Model->data_change([...])
 5 SYSTEMPATH\CodeIgniter.php(932): App\Controllers\Save->test()
 6 SYSTEMPATH\CodeIgniter.php(497): CodeIgniter\CodeIgniter->runController(Object(App\Controllers\Save))
 7 SYSTEMPATH\CodeIgniter.php(366): CodeIgniter\CodeIgniter->handleRequest(null, Object(Config\Cache), false)
 8 FCPATH\index.php(67): CodeIgniter\CodeIgniter->run()
CRITICAL - 2023-08-15 14:46:13 --> Invalid file: "form.php"
in SYSTEMPATH\Exceptions\FrameworkException.php on line 33.
 1 SYSTEMPATH\View\View.php(212): CodeIgniter\Exceptions\FrameworkException::forInvalidFile('form.php')
 2 SYSTEMPATH\Common.php(1176): CodeIgniter\View\View->render('form', [], true)
 3 APPPATH\Controllers\Ajax.php(18): view('form')
 4 SYSTEMPATH\CodeIgniter.php(932): App\Controllers\Ajax->index()
 5 SYSTEMPATH\CodeIgniter.php(497): CodeIgniter\CodeIgniter->runController(Object(App\Controllers\Ajax))
 6 SYSTEMPATH\CodeIgniter.php(366): CodeIgniter\CodeIgniter->handleRequest(null, Object(Config\Cache), false)
 7 FCPATH\index.php(67): CodeIgniter\CodeIgniter->run()
CRITICAL - 2023-08-15 15:56:38 --> syntax error, unexpected token "{", expecting "("
in APPPATH\Controllers\Ajax.php on line 25.
 1 SYSTEMPATH\Router\Router.php(510): CodeIgniter\Router\AutoRouter->getRoute('Ajax/form1', 'get')
 2 SYSTEMPATH\Router\Router.php(208): CodeIgniter\Router\Router->autoRoute('Ajax/form1')
 3 SYSTEMPATH\CodeIgniter.php(813): CodeIgniter\Router\Router->handle('Ajax/form1')
 4 SYSTEMPATH\CodeIgniter.php(447): CodeIgniter\CodeIgniter->tryToRouteIt(Object(CodeIgniter\Router\RouteCollection))
 5 SYSTEMPATH\CodeIgniter.php(366): CodeIgniter\CodeIgniter->handleRequest(null, Object(Config\Cache), false)
 6 FCPATH\index.php(67): CodeIgniter\CodeIgniter->run()
CRITICAL - 2023-08-15 16:00:32 --> Cannot use [] for reading
in APPPATH\Controllers\Ajax.php on line 30.
 1 SYSTEMPATH\CodeIgniter.php(932): App\Controllers\Ajax->save_form1()
 2 SYSTEMPATH\CodeIgniter.php(497): CodeIgniter\CodeIgniter->runController(Object(App\Controllers\Ajax))
 3 SYSTEMPATH\CodeIgniter.php(366): CodeIgniter\CodeIgniter->handleRequest(null, Object(Config\Cache), false)
 4 FCPATH\index.php(67): CodeIgniter\CodeIgniter->run()
CRITICAL - 2023-08-15 16:01:07 --> Cannot use [] for reading
in APPPATH\Controllers\Ajax.php on line 30.
 1 SYSTEMPATH\CodeIgniter.php(932): App\Controllers\Ajax->save_form1()
 2 SYSTEMPATH\CodeIgniter.php(497): CodeIgniter\CodeIgniter->runController(Object(App\Controllers\Ajax))
 3 SYSTEMPATH\CodeIgniter.php(366): CodeIgniter\CodeIgniter->handleRequest(null, Object(Config\Cache), false)
 4 FCPATH\index.php(67): CodeIgniter\CodeIgniter->run()
CRITICAL - 2023-08-15 16:01:08 --> Cannot use [] for reading
in APPPATH\Controllers\Ajax.php on line 30.
 1 SYSTEMPATH\CodeIgniter.php(932): App\Controllers\Ajax->save_form1()
 2 SYSTEMPATH\CodeIgniter.php(497): CodeIgniter\CodeIgniter->runController(Object(App\Controllers\Ajax))
 3 SYSTEMPATH\CodeIgniter.php(366): CodeIgniter\CodeIgniter->handleRequest(null, Object(Config\Cache), false)
 4 FCPATH\index.php(67): CodeIgniter\CodeIgniter->run()
CRITICAL - 2023-08-15 16:01:09 --> Cannot use [] for reading
in APPPATH\Controllers\Ajax.php on line 30.
 1 SYSTEMPATH\CodeIgniter.php(932): App\Controllers\Ajax->save_form1()
 2 SYSTEMPATH\CodeIgniter.php(497): CodeIgniter\CodeIgniter->runController(Object(App\Controllers\Ajax))
 3 SYSTEMPATH\CodeIgniter.php(366): CodeIgniter\CodeIgniter->handleRequest(null, Object(Config\Cache), false)
 4 FCPATH\index.php(67): CodeIgniter\CodeIgniter->run()
CRITICAL - 2023-08-15 16:01:09 --> Cannot use [] for reading
in APPPATH\Controllers\Ajax.php on line 30.
 1 SYSTEMPATH\CodeIgniter.php(932): App\Controllers\Ajax->save_form1()
 2 SYSTEMPATH\CodeIgniter.php(497): CodeIgniter\CodeIgniter->runController(Object(App\Controllers\Ajax))
 3 SYSTEMPATH\CodeIgniter.php(366): CodeIgniter\CodeIgniter->handleRequest(null, Object(Config\Cache), false)
 4 FCPATH\index.php(67): CodeIgniter\CodeIgniter->run()
CRITICAL - 2023-08-15 16:01:09 --> Cannot use [] for reading
in APPPATH\Controllers\Ajax.php on line 30.
 1 SYSTEMPATH\CodeIgniter.php(932): App\Controllers\Ajax->save_form1()
 2 SYSTEMPATH\CodeIgniter.php(497): CodeIgniter\CodeIgniter->runController(Object(App\Controllers\Ajax))
 3 SYSTEMPATH\CodeIgniter.php(366): CodeIgniter\CodeIgniter->handleRequest(null, Object(Config\Cache), false)
 4 FCPATH\index.php(67): CodeIgniter\CodeIgniter->run()
CRITICAL - 2023-08-15 16:01:10 --> Cannot use [] for reading
in APPPATH\Controllers\Ajax.php on line 30.
 1 SYSTEMPATH\CodeIgniter.php(932): App\Controllers\Ajax->save_form1()
 2 SYSTEMPATH\CodeIgniter.php(497): CodeIgniter\CodeIgniter->runController(Object(App\Controllers\Ajax))
 3 SYSTEMPATH\CodeIgniter.php(366): CodeIgniter\CodeIgniter->handleRequest(null, Object(Config\Cache), false)
 4 FCPATH\index.php(67): CodeIgniter\CodeIgniter->run()
CRITICAL - 2023-08-15 16:01:10 --> Cannot use [] for reading
in APPPATH\Controllers\Ajax.php on line 30.
 1 SYSTEMPATH\CodeIgniter.php(932): App\Controllers\Ajax->save_form1()
 2 SYSTEMPATH\CodeIgniter.php(497): CodeIgniter\CodeIgniter->runController(Object(App\Controllers\Ajax))
 3 SYSTEMPATH\CodeIgniter.php(366): CodeIgniter\CodeIgniter->handleRequest(null, Object(Config\Cache), false)
 4 FCPATH\index.php(67): CodeIgniter\CodeIgniter->run()
